Simulation Initialised
[38;5;101mWorker started
[0m[38;5;101mWorker started
[0m[38;5;1mBid Added:{'id': 0, 'label': 'Nyngan', 'bids': [[100, 1050]]}
[0m[38;5;4mBid Added:{'id': 3, 'label': 'Bayswater', 'bids': [[7800, 1000]]}
[0m[38;5;210mSending Callbacks
[0m[38;5;1mBid Added:{'id': 0, 'label': 'Nyngan', 'bids': [[100, 1050]]}
[0m[38;5;4mBid Added:{'id': 3, 'label': 'Bayswater', 'bids': [[3591, 1000]]}
[0m[38;5;210mSending Callbacks
[0m[38;5;1mBid Added:{'id': 0, 'label': 'Nyngan', 'bids': [[100, 1050]]}
[0m[38;5;4mBid Added:{'id': 3, 'label': 'Bayswater', 'bids': [[4885, 1000]]}
[0m[38;5;210mSending Callbacks
[0m[38;5;1mBid Added:{'id': 0, 'label': 'Nyngan', 'bids': [[100, 1050]]}
[0m[38;5;4mBid Added:{'id': 3, 'label': 'Bayswater', 'bids': [[1408, 1000]]}
[0m[38;5;210mSending Callbacks
[0m[38;5;1mBid Added:{'id': 0, 'label': 'Nyngan', 'bids': [[100, 1050]]}
[0m[38;5;4mBid Added:{'id': 3, 'label': 'Bayswater', 'bids': [[3591, 1000]]}
[0m[38;5;210mSending Callbacks
[0m[38;5;1mBid Added:{'id': 0, 'label': 'Nyngan', 'bids': [[100, 1050]]}
[0m[38;5;4mBid Added:{'id': 3, 'label': 'Bayswater', 'bids': [[5274, 1000]]}
[0m[38;5;210mSending Callbacks
[0m[38;5;1mBid Added:{'id': 0, 'label': 'Nyngan', 'bids': [[100, 1050]]}
[0m[38;5;4mBid Added:{'id': 3, 'label': 'Bayswater', 'bids': [[3035, 1000]]}
[0m[38;5;210mSending Callbacks
[0m[38;5;1mBid Added:{'id': 0, 'label': 'Nyngan', 'bids': [[100, 1050]]}
[0m[38;5;4mBid Added:{'id': 3, 'label': 'Bayswater', 'bids': [[2346, 1000]]}
[0m[38;5;210mSending Callbacks
[0m[38;5;1mBid Added:{'id': 0, 'label': 'Nyngan', 'bids': [[100, 1050]]}
[0m[38;5;4mBid Added:{'id': 3, 'label': 'Bayswater', 'bids': [[5971, 1000]]}
[0m[38;5;210mSending Callbacks
[0m[38;5;1mBid Added:{'id': 0, 'label': 'Nyngan', 'bids': [[100, 1050]]}
[0m[38;5;4mBid Added:{'id': 3, 'label': 'Bayswater', 'bids': [[4965, 1000]]}
[0m[38;5;210mSending Callbacks
[0m[38;5;1mBid Added:{'id': 0, 'label': 'Nyngan', 'bids': [[100, 1050]]}
[0m[38;5;4mBid Added:{'id': 3, 'label': 'Bayswater', 'bids': [[5414, 1000]]}
[0m[38;5;210mSending Callbacks
[0m[38;5;1mBid Added:{'id': 0, 'label': 'Nyngan', 'bids': [[100, 1050]]}
[0m[38;5;4mBid Added:{'id': 3, 'label': 'Bayswater', 'bids': [[3875, 1000]]}
[0m[38;5;210mSending Callbacks
[0m[38;5;1mBid Added:{'id': 0, 'label': 'Nyngan', 'bids': [[100, 1050]]}
[0m[38;5;4mBid Added:{'id': 3, 'label': 'Bayswater', 'bids': [[9029, 1000]]}
[0m[38;5;210mSending Callbacks
[0m[38;5;1mBid Added:{'id': 0, 'label': 'Nyngan', 'bids': [[100, 1050]]}
[0m[38;5;4mBid Added:{'id': 3, 'label': 'Bayswater', 'bids': [[3933, 1000]]}
[0m[38;5;210mSending Callbacks
[0m[38;5;1mBid Added:{'id': 0, 'label': 'Nyngan', 'bids': [[100, 1050]]}
[0m[38;5;4mBid Added:{'id': 3, 'label': 'Bayswater', 'bids': [[3933, 1000]]}
[0m[38;5;210mSending Callbacks
[0m[38;5;1mBid Added:{'id': 0, 'label': 'Nyngan', 'bids': [[100, 1050]]}
[0m[38;5;4mBid Added:{'id': 3, 'label': 'Bayswater', 'bids': [[3933, 1000]]}
[0m[38;5;210mSending Callbacks
[0m[38;5;1mBid Added:{'id': 0, 'label': 'Nyngan', 'bids': [[100, 1050]]}
[0m[38;5;4mBid Added:{'id': 3, 'label': 'Bayswater', 'bids': [[3933, 1000]]}
[0m[38;5;210mSending Callbacks
[0m[38;5;1mBid Added:{'id': 0, 'label': 'Nyngan', 'bids': [[100, 1050]]}
[0m[38;5;4mBid Added:{'id': 3, 'label': 'Bayswater', 'bids': [[3933, 1000]]}
[0m[38;5;210mSending Callbacks
[0m[38;5;1mBid Added:{'id': 0, 'label': 'Nyngan', 'bids': [[100, 1050]]}
[0m[38;5;4mBid Added:{'id': 3, 'label': 'Bayswater', 'bids': [[3933, 1000]]}
[0m[38;5;210mSending Callbacks
[0m[38;5;1mBid Added:{'id': 0, 'label': 'Nyngan', 'bids': [[100, 1050]]}
[0m[38;5;4mBid Added:{'id': 3, 'label': 'Bayswater', 'bids': [[3933, 1000]]}
[0m[38;5;210mSending Callbacks
[0m[38;5;1mBid Added:{'id': 0, 'label': 'Nyngan', 'bids': [[100, 1050]]}
[0m[38;5;4mBid Added:{'id': 3, 'label': 'Bayswater', 'bids': [[3933, 1000]]}
[0m[38;5;210mSending Callbacks
[0m[38;5;1mBid Added:{'id': 0, 'label': 'Nyngan', 'bids': [[100, 1050]]}
[0m[38;5;4mBid Added:{'id': 3, 'label': 'Bayswater', 'bids': [[3933, 1000]]}
[0m[38;5;210mSending Callbacks
[0m[38;5;1mBid Added:{'id': 0, 'label': 'Nyngan', 'bids': [[100, 1050]]}
[0m[38;5;4mBid Added:{'id': 3, 'label': 'Bayswater', 'bids': [[3933, 1000]]}
[0m[38;5;210mSending Callbacks
[0m[38;5;1mBid Added:{'id': 0, 'label': 'Nyngan', 'bids': [[100, 1050]]}
[0m[38;5;4mBid Added:{'id': 3, 'label': 'Bayswater', 'bids': [[3933, 1000]]}
[0m[38;5;210mSending Callbacks
[0m[38;5;1mBid Added:{'id': 0, 'label': 'Nyngan', 'bids': [[100, 1050]]}
[0m[38;5;4mBid Added:{'id': 3, 'label': 'Bayswater', 'bids': [[3933, 1000]]}
[0m[38;5;210mSending Callbacks
[0m[38;5;1mBid Added:{'id': 0, 'label': 'Nyngan', 'bids': [[100, 1050]]}
[0m[38;5;4mBid Added:{'id': 3, 'label': 'Bayswater', 'bids': [[3933, 1000]]}
[0m[38;5;210mSending Callbacks
[0m[38;5;1mBid Added:{'id': 0, 'label': 'Nyngan', 'bids': [[100, 1050]]}
[0m[38;5;4mBid Added:{'id': 3, 'label': 'Bayswater', 'bids': [[3933, 1000]]}
[0m[38;5;210mSending Callbacks
[0m[38;5;1mBid Added:{'id': 0, 'label': 'Nyngan', 'bids': [[100, 1050]]}
[0m[38;5;4mBid Added:{'id': 3, 'label': 'Bayswater', 'bids': [[3933, 1000]]}
[0m[38;5;210mSending Callbacks
[0m[38;5;1mBid Added:{'id': 0, 'label': 'Nyngan', 'bids': [[100, 1050]]}
[0m[38;5;4mBid Added:{'id': 3, 'label': 'Bayswater', 'bids': [[3933, 1000]]}
[0m[38;5;210mSending Callbacks
[0m[38;5;1mBid Added:{'id': 0, 'label': 'Nyngan', 'bids': [[100, 1050]]}
[0m[38;5;4mBid Added:{'id': 3, 'label': 'Bayswater', 'bids': [[3933, 1000]]}
[0m[38;5;210mSending Callbacks
[0m[38;5;1mBid Added:{'id': 0, 'label': 'Nyngan', 'bids': [[100, 1050]]}
[0m[38;5;4mBid Added:{'id': 3, 'label': 'Bayswater', 'bids': [[3933, 1000]]}
[0m[38;5;210mSending Callbacks
[0m[38;5;1mBid Added:{'id': 0, 'label': 'Nyngan', 'bids': [[100, 1050]]}
[0m[38;5;4mBid Added:{'id': 3, 'label': 'Bayswater', 'bids': [[3933, 1000]]}
[0m[38;5;210mSending Callbacks
[0m[38;5;1mBid Added:{'id': 0, 'label': 'Nyngan', 'bids': [[100, 1050]]}
[0m[38;5;4mBid Added:{'id': 3, 'label': 'Bayswater', 'bids': [[3933, 1000]]}
[0m[38;5;210mSending Callbacks
[0m[38;5;1mBid Added:{'id': 0, 'label': 'Nyngan', 'bids': [[100, 1050]]}
[0m[38;5;4mBid Added:{'id': 3, 'label': 'Bayswater', 'bids': [[3933, 1000]]}
[0m[38;5;210mSending Callbacks
[0m[38;5;1mBid Added:{'id': 0, 'label': 'Nyngan', 'bids': [[100, 1050]]}
[0m[38;5;4mBid Added:{'id': 3, 'label': 'Bayswater', 'bids': [[3933, 1000]]}
[0m[38;5;210mSending Callbacks
[0m[38;5;1mBid Added:{'id': 0, 'label': 'Nyngan', 'bids': [[100, 1050]]}
[0m[38;5;4mBid Added:{'id': 3, 'label': 'Bayswater', 'bids': [[3933, 1000]]}
[0m[38;5;210mSending Callbacks
[0m[38;5;1mBid Added:{'id': 0, 'label': 'Nyngan', 'bids': [[100, 1050]]}
[0m[38;5;4mBid Added:{'id': 3, 'label': 'Bayswater', 'bids': [[3933, 1000]]}
[0m[38;5;210mSending Callbacks
[0m[38;5;1mBid Added:{'id': 0, 'label': 'Nyngan', 'bids': [[100, 1050]]}
[0m[38;5;4mBid Added:{'id': 3, 'label': 'Bayswater', 'bids': [[3933, 1000]]}
[0m[38;5;210mSending Callbacks
[0m[38;5;1mBid Added:{'id': 0, 'label': 'Nyngan', 'bids': [[100, 1050]]}
[0m[38;5;4mBid Added:{'id': 3, 'label': 'Bayswater', 'bids': [[3933, 1000]]}
[0m[38;5;210mSending Callbacks
[0m[38;5;1mBid Added:{'id': 0, 'label': 'Nyngan', 'bids': [[100, 1050]]}
[0m[38;5;4mBid Added:{'id': 3, 'label': 'Bayswater', 'bids': [[3933, 1000]]}
[0m[38;5;210mSending Callbacks
[0m[38;5;1mBid Added:{'id': 0, 'label': 'Nyngan', 'bids': [[100, 1050]]}
[0m[38;5;4mBid Added:{'id': 3, 'label': 'Bayswater', 'bids': [[3933, 1000]]}
[0m[38;5;210mSending Callbacks
[0m[38;5;1mBid Added:{'id': 0, 'label': 'Nyngan', 'bids': [[100, 1050]]}
[0m[38;5;4mBid Added:{'id': 3, 'label': 'Bayswater', 'bids': [[3933, 1000]]}
[0m[38;5;210mSending Callbacks
[0m[38;5;1mBid Added:{'id': 0, 'label': 'Nyngan', 'bids': [[100, 1050]]}
[0m[38;5;4mBid Added:{'id': 3, 'label': 'Bayswater', 'bids': [[3933, 1000]]}
[0m[38;5;210mSending Callbacks
[0m[38;5;1mBid Added:{'id': 0, 'label': 'Nyngan', 'bids': [[100, 1050]]}
[0m[38;5;4mBid Added:{'id': 3, 'label': 'Bayswater', 'bids': [[3933, 1000]]}
[0m[38;5;210mSending Callbacks
[0m[38;5;1mBid Added:{'id': 0, 'label': 'Nyngan', 'bids': [[100, 1050]]}
[0m[38;5;4mBid Added:{'id': 3, 'label': 'Bayswater', 'bids': [[3933, 1000]]}
[0m[38;5;210mSending Callbacks
[0m[38;5;1mBid Added:{'id': 0, 'label': 'Nyngan', 'bids': [[100, 1050]]}
[0m[38;5;4mBid Added:{'id': 3, 'label': 'Bayswater', 'bids': [[3933, 1000]]}
[0m[38;5;210mSending Callbacks
[0m[38;5;1mBid Added:{'id': 0, 'label': 'Nyngan', 'bids': [[100, 1050]]}
[0m[38;5;4mBid Added:{'id': 3, 'label': 'Bayswater', 'bids': [[3933, 1000]]}
[0m[38;5;210mSending Callbacks
[0m[38;5;1mBid Added:{'id': 0, 'label': 'Nyngan', 'bids': [[100, 1050]]}
[0m[38;5;4mBid Added:{'id': 3, 'label': 'Bayswater', 'bids': [[3933, 1000]]}
[0m[38;5;210mSending Callbacks
[0m[38;5;1mBid Added:{'id': 0, 'label': 'Nyngan', 'bids': [[100, 1050]]}
[0m[38;5;4mBid Added:{'id': 3, 'label': 'Bayswater', 'bids': [[3025, 1000]]}
[0m[38;5;210mSending Callbacks
[0m[38;5;1mBid Added:{'id': 0, 'label': 'Nyngan', 'bids': [[100, 1050]]}
[0m[38;5;4mBid Added:{'id': 3, 'label': 'Bayswater', 'bids': [[3933, 1000]]}
[0m[38;5;210mSending Callbacks
[0m[38;5;1mBid Added:{'id': 0, 'label': 'Nyngan', 'bids': [[100, 1050]]}
[0m[38;5;4mBid Added:{'id': 3, 'label': 'Bayswater', 'bids': [[3933, 1000]]}
[0m[38;5;210mSending Callbacks
[0m[38;5;1mBid Added:{'id': 0, 'label': 'Nyngan', 'bids': [[100, 1050]]}
[0m[38;5;4mBid Added:{'id': 3, 'label': 'Bayswater', 'bids': [[3933, 1000]]}
[0m[38;5;210mSending Callbacks
[0m[38;5;1mBid Added:{'id': 0, 'label': 'Nyngan', 'bids': [[100, 1050]]}
[0m[38;5;4mBid Added:{'id': 3, 'label': 'Bayswater', 'bids': [[3933, 1000]]}
[0m[38;5;210mSending Callbacks
[0m[38;5;1mBid Added:{'id': 0, 'label': 'Nyngan', 'bids': [[100, 1050]]}
[0m[38;5;4mBid Added:{'id': 3, 'label': 'Bayswater', 'bids': [[3933, 1000]]}
[0m[38;5;210mSending Callbacks
[0m[38;5;1mBid Added:{'id': 0, 'label': 'Nyngan', 'bids': [[100, 1050]]}
[0m[38;5;4mBid Added:{'id': 3, 'label': 'Bayswater', 'bids': [[3933, 1000]]}
[0m[38;5;210mSending Callbacks
[0m[38;5;1mBid Added:{'id': 0, 'label': 'Nyngan', 'bids': [[100, 1050]]}
[0m[38;5;4mBid Added:{'id': 3, 'label': 'Bayswater', 'bids': [[3933, 1000]]}
[0m[38;5;210mSending Callbacks
[0m[38;5;1mBid Added:{'id': 0, 'label': 'Nyngan', 'bids': [[100, 1050]]}
[0m[38;5;4mBid Added:{'id': 3, 'label': 'Bayswater', 'bids': [[3933, 1000]]}
[0m[38;5;210mSending Callbacks
[0m[38;5;1mBid Added:{'id': 0, 'label': 'Nyngan', 'bids': [[100, 1050]]}
[0m[38;5;4mBid Added:{'id': 3, 'label': 'Bayswater', 'bids': [[3933, 1000]]}
[0m[38;5;210mSending Callbacks
[0m[38;5;1mBid Added:{'id': 0, 'label': 'Nyngan', 'bids': [[100, 1050]]}
[0m[38;5;4mBid Added:{'id': 3, 'label': 'Bayswater', 'bids': [[3933, 1000]]}
[0m[38;5;210mSending Callbacks
[0m[38;5;1mBid Added:{'id': 0, 'label': 'Nyngan', 'bids': [[100, 1050]]}
[0m[38;5;4mBid Added:{'id': 3, 'label': 'Bayswater', 'bids': [[3933, 1000]]}
[0m[38;5;210mSending Callbacks
[0m[38;5;1mBid Added:{'id': 0, 'label': 'Nyngan', 'bids': [[100, 1050]]}
[0m[38;5;4mBid Added:{'id': 3, 'label': 'Bayswater', 'bids': [[3933, 1000]]}
[0m[38;5;210mSending Callbacks
[0m[38;5;1mBid Added:{'id': 0, 'label': 'Nyngan', 'bids': [[100, 1050]]}
[0m[38;5;4mBid Added:{'id': 3, 'label': 'Bayswater', 'bids': [[3933, 1000]]}
[0m[38;5;210mSending Callbacks
[0m[38;5;1mBid Added:{'id': 0, 'label': 'Nyngan', 'bids': [[100, 1050]]}
[0m[38;5;4mBid Added:{'id': 3, 'label': 'Bayswater', 'bids': [[3933, 1000]]}
[0m[38;5;210mSending Callbacks
[0m[38;5;1mBid Added:{'id': 0, 'label': 'Nyngan', 'bids': [[100, 1050]]}
[0m[38;5;4mBid Added:{'id': 3, 'label': 'Bayswater', 'bids': [[3933, 1000]]}
[0m[38;5;210mSending Callbacks
[0m[38;5;1mBid Added:{'id': 0, 'label': 'Nyngan', 'bids': [[100, 1050]]}
[0m[38;5;4mBid Added:{'id': 3, 'label': 'Bayswater', 'bids': [[3933, 1000]]}
[0m[38;5;210mSending Callbacks
[0m[38;5;1mBid Added:{'id': 0, 'label': 'Nyngan', 'bids': [[100, 1050]]}
[0m[38;5;4mBid Added:{'id': 3, 'label': 'Bayswater', 'bids': [[3933, 1000]]}
[0m[38;5;210mSending Callbacks
[0m[38;5;1mBid Added:{'id': 0, 'label': 'Nyngan', 'bids': [[100, 1050]]}
[0m[38;5;4mBid Added:{'id': 3, 'label': 'Bayswater', 'bids': [[3933, 1000]]}
[0m[38;5;210mSending Callbacks
[0m[38;5;1mBid Added:{'id': 0, 'label': 'Nyngan', 'bids': [[100, 1050]]}
[0m[38;5;4mBid Added:{'id': 3, 'label': 'Bayswater', 'bids': [[3933, 1000]]}
[0m[38;5;210mSending Callbacks
[0m[38;5;1mBid Added:{'id': 0, 'label': 'Nyngan', 'bids': [[100, 1050]]}
[0m[38;5;4mBid Added:{'id': 3, 'label': 'Bayswater', 'bids': [[3933, 1000]]}
[0m[38;5;210mSending Callbacks
[0m[38;5;1mBid Added:{'id': 0, 'label': 'Nyngan', 'bids': [[100, 1050]]}
[0m[38;5;4mBid Added:{'id': 3, 'label': 'Bayswater', 'bids': [[3933, 1000]]}
[0m[38;5;210mSending Callbacks
[0m[38;5;1mBid Added:{'id': 0, 'label': 'Nyngan', 'bids': [[100, 1050]]}
[0m[38;5;4mBid Added:{'id': 3, 'label': 'Bayswater', 'bids': [[3933, 1000]]}
[0m[38;5;210mSending Callbacks
[0m[38;5;1mBid Added:{'id': 0, 'label': 'Nyngan', 'bids': [[100, 1050]]}
[0m[38;5;4mBid Added:{'id': 3, 'label': 'Bayswater', 'bids': [[3933, 1000]]}
[0m[38;5;210mSending Callbacks
[0m[38;5;1mBid Added:{'id': 0, 'label': 'Nyngan', 'bids': [[100, 1050]]}
[0m[38;5;4mBid Added:{'id': 3, 'label': 'Bayswater', 'bids': [[3933, 1000]]}
[0m[38;5;210mSending Callbacks
[0m[38;5;1mBid Added:{'id': 0, 'label': 'Nyngan', 'bids': [[100, 1050]]}
[0m[38;5;4mBid Added:{'id': 3, 'label': 'Bayswater', 'bids': [[3933, 1000]]}
[0m[38;5;210mSending Callbacks
[0m[38;5;1mBid Added:{'id': 0, 'label': 'Nyngan', 'bids': [[100, 1050]]}
[0m[38;5;4mBid Added:{'id': 3, 'label': 'Bayswater', 'bids': [[3933, 1000]]}
[0m[38;5;210mSending Callbacks
[0m[38;5;1mBid Added:{'id': 0, 'label': 'Nyngan', 'bids': [[100, 1050]]}
[0m[38;5;4mBid Added:{'id': 3, 'label': 'Bayswater', 'bids': [[3933, 1000]]}
[0m[38;5;210mSending Callbacks
[0m[38;5;1mBid Added:{'id': 0, 'label': 'Nyngan', 'bids': [[100, 1050]]}
[0m[38;5;4mBid Added:{'id': 3, 'label': 'Bayswater', 'bids': [[3933, 1000]]}
[0m[38;5;210mSending Callbacks
[0m[38;5;1mBid Added:{'id': 0, 'label': 'Nyngan', 'bids': [[100, 1050]]}
[0m[38;5;4mBid Added:{'id': 3, 'label': 'Bayswater', 'bids': [[3933, 1000]]}
[0m[38;5;210mSending Callbacks
[0m[38;5;1mBid Added:{'id': 0, 'label': 'Nyngan', 'bids': [[100, 1050]]}
[0m[38;5;4mBid Added:{'id': 3, 'label': 'Bayswater', 'bids': [[3933, 1000]]}
[0m[38;5;210mSending Callbacks
[0m[38;5;1mBid Added:{'id': 0, 'label': 'Nyngan', 'bids': [[100, 1050]]}
[0m[38;5;4mBid Added:{'id': 3, 'label': 'Bayswater', 'bids': [[3933, 1000]]}
[0m[38;5;210mSending Callbacks
[0m[38;5;1mBid Added:{'id': 0, 'label': 'Nyngan', 'bids': [[100, 1050]]}
[0m[38;5;4mBid Added:{'id': 3, 'label': 'Bayswater', 'bids': [[3933, 1000]]}
[0m[38;5;210mSending Callbacks
[0m[38;5;1mBid Added:{'id': 0, 'label': 'Nyngan', 'bids': [[100, 1050]]}
[0m[38;5;4mBid Added:{'id': 3, 'label': 'Bayswater', 'bids': [[3933, 1000]]}
[0m[38;5;210mSending Callbacks
[0m[38;5;1mBid Added:{'id': 0, 'label': 'Nyngan', 'bids': [[100, 1050]]}
[0m[38;5;4mBid Added:{'id': 3, 'label': 'Bayswater', 'bids': [[3933, 1000]]}
[0m[38;5;210mSending Callbacks
[0m[38;5;1mBid Added:{'id': 0, 'label': 'Nyngan', 'bids': [[100, 1050]]}
[0m[38;5;4mBid Added:{'id': 3, 'label': 'Bayswater', 'bids': [[3933, 1000]]}
[0m[38;5;210mSending Callbacks
[0m[38;5;1mBid Added:{'id': 0, 'label': 'Nyngan', 'bids': [[100, 1050]]}
[0m[38;5;4mBid Added:{'id': 3, 'label': 'Bayswater', 'bids': [[3933, 1000]]}
[0m[38;5;210mSending Callbacks
[0m[38;5;1mBid Added:{'id': 0, 'label': 'Nyngan', 'bids': [[100, 1050]]}
[0m[38;5;4mBid Added:{'id': 3, 'label': 'Bayswater', 'bids': [[3933, 1000]]}
[0m[38;5;210mSending Callbacks
[0m[38;5;1mBid Added:{'id': 0, 'label': 'Nyngan', 'bids': [[100, 1050]]}
[0m[38;5;4mBid Added:{'id': 3, 'label': 'Bayswater', 'bids': [[3933, 1000]]}
[0m[38;5;210mSending Callbacks
[0m[38;5;1mBid Added:{'id': 0, 'label': 'Nyngan', 'bids': [[100, 1050]]}
[0m[38;5;4mBid Added:{'id': 3, 'label': 'Bayswater', 'bids': [[3933, 1000]]}
[0m[38;5;210mSending Callbacks
[0m[38;5;1mBid Added:{'id': 0, 'label': 'Nyngan', 'bids': [[100, 1050]]}
[0m[38;5;4mBid Added:{'id': 3, 'label': 'Bayswater', 'bids': [[3933, 1000]]}
[0m[38;5;210mSending Callbacks
[0m[38;5;1mBid Added:{'id': 0, 'label': 'Nyngan', 'bids': [[100, 1050]]}
[0m[38;5;4mBid Added:{'id': 3, 'label': 'Bayswater', 'bids': [[3933, 1000]]}
[0m[38;5;210mSending Callbacks
[0m[38;5;1mBid Added:{'id': 0, 'label': 'Nyngan', 'bids': [[100, 1050]]}
[0m[38;5;4mBid Added:{'id': 3, 'label': 'Bayswater', 'bids': [[3933, 1000]]}
[0m[38;5;210mSending Callbacks
[0m[38;5;1mBid Added:{'id': 0, 'label': 'Nyngan', 'bids': [[100, 1050]]}
[0m[38;5;4mBid Added:{'id': 3, 'label': 'Bayswater', 'bids': [[3933, 1000]]}
[0m[38;5;210mSending Callbacks
[0m[38;5;1mBid Added:{'id': 0, 'label': 'Nyngan', 'bids': [[100, 1050]]}
[0m[38;5;4mBid Added:{'id': 3, 'label': 'Bayswater', 'bids': [[3933, 1000]]}
[0m[38;5;210mSending Callbacks
[0m[38;5;1mBid Added:{'id': 0, 'label': 'Nyngan', 'bids': [[100, 1050]]}
[0m[38;5;4mBid Added:{'id': 3, 'label': 'Bayswater', 'bids': [[3933, 1000]]}
[0m[38;5;210mSending Callbacks
[0m[38;5;1mBid Added:{'id': 0, 'label': 'Nyngan', 'bids': [[100, 1050]]}
[0m[38;5;4mBid Added:{'id': 3, 'label': 'Bayswater', 'bids': [[3933, 1000]]}
[0m[38;5;210mSending Callbacks
[0m[38;5;1mBid Added:{'id': 0, 'label': 'Nyngan', 'bids': [[100, 1050]]}
[0m[38;5;4mBid Added:{'id': 3, 'label': 'Bayswater', 'bids': [[3933, 1000]]}
[0m[38;5;210mSending Callbacks
[0m[38;5;1mBid Added:{'id': 0, 'label': 'Nyngan', 'bids': [[100, 1050]]}
[0m[38;5;4mBid Added:{'id': 3, 'label': 'Bayswater', 'bids': [[3933, 1000]]}
[0m[38;5;210mSending Callbacks
[0m[38;5;1mBid Added:{'id': 0, 'label': 'Nyngan', 'bids': [[100, 1050]]}
[0m[38;5;4mBid Added:{'id': 3, 'label': 'Bayswater', 'bids': [[3933, 1000]]}
[0m[38;5;210mSending Callbacks
[0m[38;5;1mBid Added:{'id': 0, 'label': 'Nyngan', 'bids': [[100, 1050]]}
[0m[38;5;4mBid Added:{'id': 3, 'label': 'Bayswater', 'bids': [[3933, 1000]]}
[0m[38;5;210mSending Callbacks
[0m[38;5;1mBid Added:{'id': 0, 'label': 'Nyngan', 'bids': [[100, 1050]]}
[0m[38;5;4mBid Added:{'id': 3, 'label': 'Bayswater', 'bids': [[3933, 1000]]}
[0m[38;5;210mSending Callbacks
[0m[38;5;1mBid Added:{'id': 0, 'label': 'Nyngan', 'bids': [[100, 1050]]}
[0m[38;5;4mBid Added:{'id': 3, 'label': 'Bayswater', 'bids': [[3933, 1000]]}
[0m[38;5;210mSending Callbacks
[0m[38;5;1mBid Added:{'id': 0, 'label': 'Nyngan', 'bids': [[100, 1050]]}
[0m[38;5;4mBid Added:{'id': 3, 'label': 'Bayswater', 'bids': [[3933, 1000]]}
[0m[38;5;210mSending Callbacks
[0m[38;5;1mBid Added:{'id': 0, 'label': 'Nyngan', 'bids': [[100, 1050]]}
[0m[38;5;4mBid Added:{'id': 3, 'label': 'Bayswater', 'bids': [[3933, 1000]]}
[0m[38;5;210mSending Callbacks
[0m[38;5;1mBid Added:{'id': 0, 'label': 'Nyngan', 'bids': [[100, 1050]]}
[0m[38;5;4mBid Added:{'id': 3, 'label': 'Bayswater', 'bids': [[3933, 1000]]}
[0m[38;5;210mSending Callbacks
[0m[38;5;1mBid Added:{'id': 0, 'label': 'Nyngan', 'bids': [[100, 1050]]}
[0m[38;5;4mBid Added:{'id': 3, 'label': 'Bayswater', 'bids': [[3933, 1000]]}
[0m[38;5;210mSending Callbacks
[0m[38;5;1mBid Added:{'id': 0, 'label': 'Nyngan', 'bids': [[100, 1050]]}
[0m[38;5;4mBid Added:{'id': 3, 'label': 'Bayswater', 'bids': [[3933, 1000]]}
[0m[38;5;210mSending Callbacks
[0m[38;5;1mBid Added:{'id': 0, 'label': 'Nyngan', 'bids': [[100, 1050]]}
[0m[38;5;4mBid Added:{'id': 3, 'label': 'Bayswater', 'bids': [[3933, 1000]]}
[0m[38;5;210mSending Callbacks
[0m[38;5;1mBid Added:{'id': 0, 'label': 'Nyngan', 'bids': [[100, 1050]]}
[0m[38;5;4mBid Added:{'id': 3, 'label': 'Bayswater', 'bids': [[3933, 1000]]}
[0m[38;5;210mSending Callbacks
[0m[38;5;1mBid Added:{'id': 0, 'label': 'Nyngan', 'bids': [[100, 1050]]}
[0m[38;5;4mBid Added:{'id': 3, 'label': 'Bayswater', 'bids': [[3933, 1000]]}
[0m[38;5;210mSending Callbacks
[0m[38;5;1mBid Added:{'id': 0, 'label': 'Nyngan', 'bids': [[100, 1050]]}
[0m[38;5;4mBid Added:{'id': 3, 'label': 'Bayswater', 'bids': [[3933, 1000]]}
[0m[38;5;210mSending Callbacks
[0m[38;5;1mBid Added:{'id': 0, 'label': 'Nyngan', 'bids': [[100, 1050]]}
[0m[38;5;4mBid Added:{'id': 3, 'label': 'Bayswater', 'bids': [[3933, 1000]]}
[0m[38;5;210mSending Callbacks
[0m[38;5;1mBid Added:{'id': 0, 'label': 'Nyngan', 'bids': [[100, 1050]]}
[0m[38;5;4mBid Added:{'id': 3, 'label': 'Bayswater', 'bids': [[3933, 1000]]}
[0m[38;5;210mSending Callbacks
[0m[38;5;1mBid Added:{'id': 0, 'label': 'Nyngan', 'bids': [[100, 1050]]}
[0m[38;5;4mBid Added:{'id': 3, 'label': 'Bayswater', 'bids': [[3933, 1000]]}
[0m[38;5;210mSending Callbacks
[0m[38;5;1mBid Added:{'id': 0, 'label': 'Nyngan', 'bids': [[100, 1050]]}
[0m[38;5;4mBid Added:{'id': 3, 'label': 'Bayswater', 'bids': [[3933, 1000]]}
[0m[38;5;210mSending Callbacks
[0m[38;5;1mBid Added:{'id': 0, 'label': 'Nyngan', 'bids': [[100, 1050]]}
[0m[38;5;4mBid Added:{'id': 3, 'label': 'Bayswater', 'bids': [[3933, 1000]]}
[0m[38;5;210mSending Callbacks
[0m[38;5;1mBid Added:{'id': 0, 'label': 'Nyngan', 'bids': [[100, 1050]]}
[0m[38;5;4mBid Added:{'id': 3, 'label': 'Bayswater', 'bids': [[3933, 1000]]}
[0m[38;5;210mSending Callbacks
[0m[38;5;1mBid Added:{'id': 0, 'label': 'Nyngan', 'bids': [[100, 1050]]}
[0m[38;5;4mBid Added:{'id': 3, 'label': 'Bayswater', 'bids': [[3933, 1000]]}
[0m[38;5;210mSending Callbacks
[0m[38;5;1mBid Added:{'id': 0, 'label': 'Nyngan', 'bids': [[100, 1050]]}
[0m[38;5;4mBid Added:{'id': 3, 'label': 'Bayswater', 'bids': [[3933, 1000]]}
[0m[38;5;210mSending Callbacks
[0m[38;5;1mBid Added:{'id': 0, 'label': 'Nyngan', 'bids': [[100, 1050]]}
[0m[38;5;4mBid Added:{'id': 3, 'label': 'Bayswater', 'bids': [[3933, 1000]]}
[0m[38;5;210mSending Callbacks
[0m[38;5;1mBid Added:{'id': 0, 'label': 'Nyngan', 'bids': [[100, 1050]]}
[0m[38;5;4mBid Added:{'id': 3, 'label': 'Bayswater', 'bids': [[3933, 1000]]}
[0m[38;5;210mSending Callbacks
[0m[38;5;1mBid Added:{'id': 0, 'label': 'Nyngan', 'bids': [[100, 1050]]}
[0m[38;5;4mBid Added:{'id': 3, 'label': 'Bayswater', 'bids': [[3933, 1000]]}
[0m[38;5;210mSending Callbacks
[0m[38;5;1mBid Added:{'id': 0, 'label': 'Nyngan', 'bids': [[100, 1050]]}
[0m[38;5;4mBid Added:{'id': 3, 'label': 'Bayswater', 'bids': [[3933, 1000]]}
[0m[38;5;210mSending Callbacks
[0m[38;5;1mBid Added:{'id': 0, 'label': 'Nyngan', 'bids': [[100, 1050]]}
[0m[38;5;4mBid Added:{'id': 3, 'label': 'Bayswater', 'bids': [[3933, 1000]]}
[0m[38;5;210mSending Callbacks
[0m[38;5;1mBid Added:{'id': 0, 'label': 'Nyngan', 'bids': [[100, 1050]]}
[0m[38;5;4mBid Added:{'id': 3, 'label': 'Bayswater', 'bids': [[3933, 1000]]}
[0m[38;5;210mSending Callbacks
[0m[38;5;1mBid Added:{'id': 0, 'label': 'Nyngan', 'bids': [[100, 1050]]}
[0m[38;5;4mBid Added:{'id': 3, 'label': 'Bayswater', 'bids': [[3933, 1000]]}
[0m[38;5;210mSending Callbacks
[0m[38;5;1mBid Added:{'id': 0, 'label': 'Nyngan', 'bids': [[100, 1050]]}
[0m[38;5;4mBid Added:{'id': 3, 'label': 'Bayswater', 'bids': [[3933, 1000]]}
[0m[38;5;210mSending Callbacks
[0m[38;5;1mBid Added:{'id': 0, 'label': 'Nyngan', 'bids': [[100, 1050]]}
[0m[38;5;4mBid Added:{'id': 3, 'label': 'Bayswater', 'bids': [[3933, 1000]]}
[0m[38;5;210mSending Callbacks
[0m[38;5;1mBid Added:{'id': 0, 'label': 'Nyngan', 'bids': [[100, 1050]]}
[0m[38;5;4mBid Added:{'id': 3, 'label': 'Bayswater', 'bids': [[3933, 1000]]}
[0m[38;5;210mSending Callbacks
[0m[38;5;1mBid Added:{'id': 0, 'label': 'Nyngan', 'bids': [[100, 1050]]}
[0m[38;5;4mBid Added:{'id': 3, 'label': 'Bayswater', 'bids': [[3933, 1000]]}
[0m[38;5;210mSending Callbacks
[0m[38;5;1mBid Added:{'id': 0, 'label': 'Nyngan', 'bids': [[100, 1050]]}
[0m[38;5;4mBid Added:{'id': 3, 'label': 'Bayswater', 'bids': [[3933, 1000]]}
[0m[38;5;210mSending Callbacks
[0m[38;5;1mBid Added:{'id': 0, 'label': 'Nyngan', 'bids': [[100, 1050]]}
[0m[38;5;4mBid Added:{'id': 3, 'label': 'Bayswater', 'bids': [[3933, 1000]]}
[0m[38;5;210mSending Callbacks
[0m[38;5;1mBid Added:{'id': 0, 'label': 'Nyngan', 'bids': [[100, 1050]]}
[0m[38;5;4mBid Added:{'id': 3, 'label': 'Bayswater', 'bids': [[3933, 1000]]}
[0m[38;5;210mSending Callbacks
[0m[38;5;1mBid Added:{'id': 0, 'label': 'Nyngan', 'bids': [[100, 1050]]}
[0m[38;5;4mBid Added:{'id': 3, 'label': 'Bayswater', 'bids': [[3933, 1000]]}
[0m[38;5;210mSending Callbacks
[0m[38;5;1mBid Added:{'id': 0, 'label': 'Nyngan', 'bids': [[100, 1050]]}
[0m[38;5;4mBid Added:{'id': 3, 'label': 'Bayswater', 'bids': [[3933, 1000]]}
[0m[38;5;210mSending Callbacks
[0m[38;5;1mBid Added:{'id': 0, 'label': 'Nyngan', 'bids': [[100, 1050]]}
[0m[38;5;4mBid Added:{'id': 3, 'label': 'Bayswater', 'bids': [[3933, 1000]]}
[0m[38;5;210mSending Callbacks
[0m[38;5;1mBid Added:{'id': 0, 'label': 'Nyngan', 'bids': [[100, 1050]]}
[0m[38;5;4mBid Added:{'id': 3, 'label': 'Bayswater', 'bids': [[3933, 1000]]}
[0m[38;5;210mSending Callbacks
[0m[38;5;1mBid Added:{'id': 0, 'label': 'Nyngan', 'bids': [[100, 1050]]}
[0m[38;5;4mBid Added:{'id': 3, 'label': 'Bayswater', 'bids': [[3933, 1000]]}
[0m[38;5;210mSending Callbacks
[0m[38;5;1mBid Added:{'id': 0, 'label': 'Nyngan', 'bids': [[100, 1050]]}
[0m[38;5;4mBid Added:{'id': 3, 'label': 'Bayswater', 'bids': [[3933, 1000]]}
[0m[38;5;210mSending Callbacks
[0m[38;5;1mBid Added:{'id': 0, 'label': 'Nyngan', 'bids': [[100, 1050]]}
[0m[38;5;4mBid Added:{'id': 3, 'label': 'Bayswater', 'bids': [[3933, 1000]]}
[0m[38;5;210mSending Callbacks
[0m[38;5;1mBid Added:{'id': 0, 'label': 'Nyngan', 'bids': [[100, 1050]]}
[0m[38;5;4mBid Added:{'id': 3, 'label': 'Bayswater', 'bids': [[3933, 1000]]}
[0m[38;5;210mSending Callbacks
[0m[38;5;1mBid Added:{'id': 0, 'label': 'Nyngan', 'bids': [[100, 1050]]}
[0m[38;5;4mBid Added:{'id': 3, 'label': 'Bayswater', 'bids': [[3933, 1000]]}
[0m[38;5;210mSending Callbacks
[0m[38;5;1mBid Added:{'id': 0, 'label': 'Nyngan', 'bids': [[100, 1050]]}
[0m[38;5;4mBid Added:{'id': 3, 'label': 'Bayswater', 'bids': [[3933, 1000]]}
[0m[38;5;210mSending Callbacks
[0m[38;5;1mBid Added:{'id': 0, 'label': 'Nyngan', 'bids': [[100, 1050]]}
[0m[38;5;4mBid Added:{'id': 3, 'label': 'Bayswater', 'bids': [[3933, 1000]]}
[0m[38;5;210mSending Callbacks
[0m[38;5;1mBid Added:{'id': 0, 'label': 'Nyngan', 'bids': [[100, 1050]]}
[0m[38;5;4mBid Added:{'id': 3, 'label': 'Bayswater', 'bids': [[3933, 1000]]}
[0m[38;5;210mSending Callbacks
[0m[38;5;1mBid Added:{'id': 0, 'label': 'Nyngan', 'bids': [[100, 1050]]}
[0m[38;5;4mBid Added:{'id': 3, 'label': 'Bayswater', 'bids': [[3025, 1000]]}
[0m[38;5;210mSending Callbacks
[0m[38;5;1mBid Added:{'id': 0, 'label': 'Nyngan', 'bids': [[100, 1050]]}
[0m[38;5;4mBid Added:{'id': 3, 'label': 'Bayswater', 'bids': [[3933, 1000]]}
[0m[38;5;210mSending Callbacks
[0m[38;5;1mBid Added:{'id': 0, 'label': 'Nyngan', 'bids': [[100, 1050]]}
[0m[38;5;4mBid Added:{'id': 3, 'label': 'Bayswater', 'bids': [[3933, 1000]]}
[0m[38;5;210mSending Callbacks
[0m[38;5;1mBid Added:{'id': 0, 'label': 'Nyngan', 'bids': [[100, 1050]]}
[0m[38;5;4mBid Added:{'id': 3, 'label': 'Bayswater', 'bids': [[3933, 1000]]}
[0m[38;5;210mSending Callbacks
[0m[38;5;1mBid Added:{'id': 0, 'label': 'Nyngan', 'bids': [[100, 1050]]}
[0m[38;5;4mBid Added:{'id': 3, 'label': 'Bayswater', 'bids': [[3933, 1000]]}
[0m[38;5;210mSending Callbacks
[0m[38;5;1mBid Added:{'id': 0, 'label': 'Nyngan', 'bids': [[100, 1050]]}
[0m[38;5;4mBid Added:{'id': 3, 'label': 'Bayswater', 'bids': [[3933, 1000]]}
[0m[38;5;210mSending Callbacks
[0m[38;5;1mBid Added:{'id': 0, 'label': 'Nyngan', 'bids': [[100, 1050]]}
[0m[38;5;4mBid Added:{'id': 3, 'label': 'Bayswater', 'bids': [[3933, 1000]]}
[0m[38;5;210mSending Callbacks
[0m[38;5;1mBid Added:{'id': 0, 'label': 'Nyngan', 'bids': [[100, 1050]]}
[0m[38;5;4mBid Added:{'id': 3, 'label': 'Bayswater', 'bids': [[3933, 1000]]}
[0m[38;5;210mSending Callbacks
[0m[38;5;1mBid Added:{'id': 0, 'label': 'Nyngan', 'bids': [[100, 1050]]}
[0m[38;5;4mBid Added:{'id': 3, 'label': 'Bayswater', 'bids': [[3933, 1000]]}
[0m[38;5;210mSending Callbacks
[0m[38;5;1mBid Added:{'id': 0, 'label': 'Nyngan', 'bids': [[100, 1050]]}
[0m[38;5;4mBid Added:{'id': 3, 'label': 'Bayswater', 'bids': [[3933, 1000]]}
[0m[38;5;210mSending Callbacks
[0m[38;5;1mBid Added:{'id': 0, 'label': 'Nyngan', 'bids': [[100, 1050]]}
[0m[38;5;4mBid Added:{'id': 3, 'label': 'Bayswater', 'bids': [[3933, 1000]]}
[0m[38;5;210mSending Callbacks
[0m[38;5;1mBid Added:{'id': 0, 'label': 'Nyngan', 'bids': [[100, 1050]]}
[0m[38;5;4mBid Added:{'id': 3, 'label': 'Bayswater', 'bids': [[3933, 1000]]}
[0m[38;5;210mSending Callbacks
[0m[38;5;1mBid Added:{'id': 0, 'label': 'Nyngan', 'bids': [[100, 1050]]}
[0m[38;5;4mBid Added:{'id': 3, 'label': 'Bayswater', 'bids': [[3933, 1000]]}
[0m[38;5;210mSending Callbacks
[0m[38;5;1mBid Added:{'id': 0, 'label': 'Nyngan', 'bids': [[100, 1050]]}
[0m[38;5;4mBid Added:{'id': 3, 'label': 'Bayswater', 'bids': [[3933, 1000]]}
[0m[38;5;210mSending Callbacks
[0m[38;5;1mBid Added:{'id': 0, 'label': 'Nyngan', 'bids': [[100, 1050]]}
[0m[38;5;4mBid Added:{'id': 3, 'label': 'Bayswater', 'bids': [[3933, 1000]]}
[0m[38;5;210mSending Callbacks
[0m[38;5;1mBid Added:{'id': 0, 'label': 'Nyngan', 'bids': [[100, 1050]]}
[0m[38;5;4mBid Added:{'id': 3, 'label': 'Bayswater', 'bids': [[3933, 1000]]}
[0m[38;5;210mSending Callbacks
[0m[38;5;1mBid Added:{'id': 0, 'label': 'Nyngan', 'bids': [[100, 1050]]}
[0m[38;5;4mBid Added:{'id': 3, 'label': 'Bayswater', 'bids': [[3933, 1000]]}
[0m[38;5;210mSending Callbacks
[0m[38;5;1mBid Added:{'id': 0, 'label': 'Nyngan', 'bids': [[100, 1050]]}
[0m[38;5;4mBid Added:{'id': 3, 'label': 'Bayswater', 'bids': [[3933, 1000]]}
[0m[38;5;210mSending Callbacks
[0m[38;5;1mBid Added:{'id': 0, 'label': 'Nyngan', 'bids': [[100, 1050]]}
[0m[38;5;4mBid Added:{'id': 3, 'label': 'Bayswater', 'bids': [[3933, 1000]]}
[0m[38;5;210mSending Callbacks
[0m[38;5;1mBid Added:{'id': 0, 'label': 'Nyngan', 'bids': [[100, 1050]]}
[0m[38;5;4mBid Added:{'id': 3, 'label': 'Bayswater', 'bids': [[3933, 1000]]}
[0m[38;5;210mSending Callbacks
[0m[38;5;1mBid Added:{'id': 0, 'label': 'Nyngan', 'bids': [[100, 1050]]}
[0m[38;5;4mBid Added:{'id': 3, 'label': 'Bayswater', 'bids': [[3933, 1000]]}
[0m[38;5;210mSending Callbacks
[0m[38;5;1mBid Added:{'id': 0, 'label': 'Nyngan', 'bids': [[100, 1050]]}
[0m[38;5;4mBid Added:{'id': 3, 'label': 'Bayswater', 'bids': [[3933, 1000]]}
[0m[38;5;210mSending Callbacks
[0m[38;5;1mBid Added:{'id': 0, 'label': 'Nyngan', 'bids': [[100, 1050]]}
[0m[38;5;4mBid Added:{'id': 3, 'label': 'Bayswater', 'bids': [[3933, 1000]]}
[0m[38;5;210mSending Callbacks
[0m[38;5;1mBid Added:{'id': 0, 'label': 'Nyngan', 'bids': [[100, 1050]]}
[0m[38;5;4mBid Added:{'id': 3, 'label': 'Bayswater', 'bids': [[3933, 1000]]}
[0m[38;5;210mSending Callbacks
[0m[38;5;1mBid Added:{'id': 0, 'label': 'Nyngan', 'bids': [[100, 1050]]}
[0m[38;5;4mBid Added:{'id': 3, 'label': 'Bayswater', 'bids': [[3933, 1000]]}
[0m[38;5;210mSending Callbacks
[0m[38;5;1mBid Added:{'id': 0, 'label': 'Nyngan', 'bids': [[100, 1050]]}
[0m[38;5;4mBid Added:{'id': 3, 'label': 'Bayswater', 'bids': [[3933, 1000]]}
[0m[38;5;210mSending Callbacks
[0m[38;5;1mBid Added:{'id': 0, 'label': 'Nyngan', 'bids': [[100, 1050]]}
[0m[38;5;4mBid Added:{'id': 3, 'label': 'Bayswater', 'bids': [[3933, 1000]]}
[0m[38;5;210mSending Callbacks
[0m[38;5;1mBid Added:{'id': 0, 'label': 'Nyngan', 'bids': [[100, 1050]]}
[0m[38;5;4mBid Added:{'id': 3, 'label': 'Bayswater', 'bids': [[3933, 1000]]}
[0m[38;5;210mSending Callbacks
[0m[38;5;1mBid Added:{'id': 0, 'label': 'Nyngan', 'bids': [[100, 1050]]}
[0m[38;5;4mBid Added:{'id': 3, 'label': 'Bayswater', 'bids': [[3933, 1000]]}
[0m[38;5;210mSending Callbacks
[0m[38;5;1mBid Added:{'id': 0, 'label': 'Nyngan', 'bids': [[100, 1050]]}
[0m[38;5;4mBid Added:{'id': 3, 'label': 'Bayswater', 'bids': [[3933, 1000]]}
[0m[38;5;210mSending Callbacks
[0m[38;5;1mBid Added:{'id': 0, 'label': 'Nyngan', 'bids': [[100, 1050]]}
[0m[38;5;4mBid Added:{'id': 3, 'label': 'Bayswater', 'bids': [[3933, 1000]]}
[0m[38;5;210mSending Callbacks
[0m[38;5;1mBid Added:{'id': 0, 'label': 'Nyngan', 'bids': [[100, 1050]]}
[0m[38;5;4mBid Added:{'id': 3, 'label': 'Bayswater', 'bids': [[3933, 1000]]}
[0m[38;5;210mSending Callbacks
[0m[38;5;1mBid Added:{'id': 0, 'label': 'Nyngan', 'bids': [[100, 1050]]}
[0m[38;5;4mBid Added:{'id': 3, 'label': 'Bayswater', 'bids': [[3933, 1000]]}
[0m[38;5;210mSending Callbacks
[0m[38;5;1mBid Added:{'id': 0, 'label': 'Nyngan', 'bids': [[100, 1050]]}
[0m[38;5;4mBid Added:{'id': 3, 'label': 'Bayswater', 'bids': [[3933, 1000]]}
[0m[38;5;210mSending Callbacks
[0m[38;5;1mBid Added:{'id': 0, 'label': 'Nyngan', 'bids': [[100, 1050]]}
[0m[38;5;4mBid Added:{'id': 3, 'label': 'Bayswater', 'bids': [[3933, 1000]]}
[0m[38;5;210mSending Callbacks
[0m[38;5;1mBid Added:{'id': 0, 'label': 'Nyngan', 'bids': [[100, 1050]]}
[0m[38;5;4mBid Added:{'id': 3, 'label': 'Bayswater', 'bids': [[3933, 1000]]}
[0m[38;5;210mSending Callbacks
[0m[38;5;1mBid Added:{'id': 0, 'label': 'Nyngan', 'bids': [[100, 1050]]}
[0m[38;5;4mBid Added:{'id': 3, 'label': 'Bayswater', 'bids': [[3933, 1000]]}
[0m[38;5;210mSending Callbacks
[0m[38;5;1mBid Added:{'id': 0, 'label': 'Nyngan', 'bids': [[100, 1050]]}
[0m[38;5;4mBid Added:{'id': 3, 'label': 'Bayswater', 'bids': [[3933, 1000]]}
[0m[38;5;210mSending Callbacks
[0m[38;5;1mBid Added:{'id': 0, 'label': 'Nyngan', 'bids': [[100, 1050]]}
[0m[38;5;4mBid Added:{'id': 3, 'label': 'Bayswater', 'bids': [[3933, 1000]]}
[0m[38;5;210mSending Callbacks
[0m[38;5;1mBid Added:{'id': 0, 'label': 'Nyngan', 'bids': [[100, 1050]]}
[0m[38;5;4mBid Added:{'id': 3, 'label': 'Bayswater', 'bids': [[3933, 1000]]}
[0m[38;5;210mSending Callbacks
[0m[38;5;1mBid Added:{'id': 0, 'label': 'Nyngan', 'bids': [[100, 1050]]}
[0m[38;5;4mBid Added:{'id': 3, 'label': 'Bayswater', 'bids': [[3933, 1000]]}
[0m[38;5;210mSending Callbacks
[0m[38;5;1mBid Added:{'id': 0, 'label': 'Nyngan', 'bids': [[100, 1050]]}
[0m[38;5;4mBid Added:{'id': 3, 'label': 'Bayswater', 'bids': [[3933, 1000]]}
[0m[38;5;210mSending Callbacks
[0m[38;5;1mBid Added:{'id': 0, 'label': 'Nyngan', 'bids': [[100, 1050]]}
[0m[38;5;4mBid Added:{'id': 3, 'label': 'Bayswater', 'bids': [[3933, 1000]]}
[0m[38;5;210mSending Callbacks
[0m[38;5;1mBid Added:{'id': 0, 'label': 'Nyngan', 'bids': [[100, 1050]]}
[0m[38;5;4mBid Added:{'id': 3, 'label': 'Bayswater', 'bids': [[3933, 1000]]}
[0m[38;5;210mSending Callbacks
[0m[38;5;1mBid Added:{'id': 0, 'label': 'Nyngan', 'bids': [[100, 1050]]}
[0m[38;5;4mBid Added:{'id': 3, 'label': 'Bayswater', 'bids': [[3933, 1000]]}
[0m[38;5;210mSending Callbacks
[0m[38;5;1mBid Added:{'id': 0, 'label': 'Nyngan', 'bids': [[100, 1050]]}
[0m[38;5;4mBid Added:{'id': 3, 'label': 'Bayswater', 'bids': [[3933, 1000]]}
[0m[38;5;210mSending Callbacks
[0m[38;5;1mBid Added:{'id': 0, 'label': 'Nyngan', 'bids': [[100, 1050]]}
[0m[38;5;4mBid Added:{'id': 3, 'label': 'Bayswater', 'bids': [[3933, 1000]]}
[0m[38;5;210mSending Callbacks
[0m[38;5;1mBid Added:{'id': 0, 'label': 'Nyngan', 'bids': [[100, 1050]]}
[0m[38;5;4mBid Added:{'id': 3, 'label': 'Bayswater', 'bids': [[3933, 1000]]}
[0m[38;5;210mSending Callbacks
[0m[38;5;1mBid Added:{'id': 0, 'label': 'Nyngan', 'bids': [[100, 1050]]}
[0m[38;5;4mBid Added:{'id': 3, 'label': 'Bayswater', 'bids': [[3496, 1000]]}
[0m[38;5;210mSending Callbacks
[0m[38;5;1mBid Added:{'id': 0, 'label': 'Nyngan', 'bids': [[100, 1050]]}
[0m[38;5;4mBid Added:{'id': 3, 'label': 'Bayswater', 'bids': [[3933, 1000]]}
[0m[38;5;210mSending Callbacks
[0m[38;5;1mBid Added:{'id': 0, 'label': 'Nyngan', 'bids': [[100, 1050]]}
[0m[38;5;4mBid Added:{'id': 3, 'label': 'Bayswater', 'bids': [[3933, 1000]]}
[0m[38;5;210mSending Callbacks
[0m[38;5;1mBid Added:{'id': 0, 'label': 'Nyngan', 'bids': [[100, 1050]]}
[0m[38;5;4mBid Added:{'id': 3, 'label': 'Bayswater', 'bids': [[3933, 1000]]}
[0m[38;5;210mSending Callbacks
[0m[38;5;1mBid Added:{'id': 0, 'label': 'Nyngan', 'bids': [[100, 1050]]}
[0m[38;5;4mBid Added:{'id': 3, 'label': 'Bayswater', 'bids': [[3933, 1000]]}
[0m[38;5;210mSending Callbacks
[0m[38;5;1mBid Added:{'id': 0, 'label': 'Nyngan', 'bids': [[100, 1050]]}
[0m[38;5;4mBid Added:{'id': 3, 'label': 'Bayswater', 'bids': [[3933, 1000]]}
[0m[38;5;210mSending Callbacks
[0m[38;5;1mBid Added:{'id': 0, 'label': 'Nyngan', 'bids': [[100, 1050]]}
[0m[38;5;4mBid Added:{'id': 3, 'label': 'Bayswater', 'bids': [[3933, 1000]]}
[0m[38;5;210mSending Callbacks
[0m[38;5;1mBid Added:{'id': 0, 'label': 'Nyngan', 'bids': [[100, 1050]]}
[0m[38;5;4mBid Added:{'id': 3, 'label': 'Bayswater', 'bids': [[3933, 1000]]}
[0m[38;5;210mSending Callbacks
[0m[38;5;1mBid Added:{'id': 0, 'label': 'Nyngan', 'bids': [[100, 1050]]}
[0m[38;5;4mBid Added:{'id': 3, 'label': 'Bayswater', 'bids': [[3933, 1000]]}
[0m[38;5;210mSending Callbacks
[0m[38;5;1mBid Added:{'id': 0, 'label': 'Nyngan', 'bids': [[100, 1050]]}
[0m[38;5;4mBid Added:{'id': 3, 'label': 'Bayswater', 'bids': [[3933, 1000]]}
[0m[38;5;210mSending Callbacks
[0m[38;5;1mBid Added:{'id': 0, 'label': 'Nyngan', 'bids': [[100, 1050]]}
[0m[38;5;4mBid Added:{'id': 3, 'label': 'Bayswater', 'bids': [[3933, 1000]]}
[0m[38;5;210mSending Callbacks
[0m[38;5;1mBid Added:{'id': 0, 'label': 'Nyngan', 'bids': [[100, 1050]]}
[0m[38;5;4mBid Added:{'id': 3, 'label': 'Bayswater', 'bids': [[3933, 1000]]}
[0m[38;5;210mSending Callbacks
[0m[38;5;1mBid Added:{'id': 0, 'label': 'Nyngan', 'bids': [[100, 1050]]}
[0m[38;5;4mBid Added:{'id': 3, 'label': 'Bayswater', 'bids': [[3933, 1000]]}
[0m[38;5;210mSending Callbacks
[0m[38;5;1mBid Added:{'id': 0, 'label': 'Nyngan', 'bids': [[100, 1050]]}
[0m[38;5;4mBid Added:{'id': 3, 'label': 'Bayswater', 'bids': [[3933, 1000]]}
[0m[38;5;210mSending Callbacks
[0m[38;5;1mBid Added:{'id': 0, 'label': 'Nyngan', 'bids': [[100, 1050]]}
[0m[38;5;4mBid Added:{'id': 3, 'label': 'Bayswater', 'bids': [[3933, 1000]]}
[0m[38;5;210mSending Callbacks
[0m[38;5;1mBid Added:{'id': 0, 'label': 'Nyngan', 'bids': [[100, 1050]]}
[0m[38;5;4mBid Added:{'id': 3, 'label': 'Bayswater', 'bids': [[3933, 1000]]}
[0m[38;5;210mSending Callbacks
[0m[38;5;1mBid Added:{'id': 0, 'label': 'Nyngan', 'bids': [[100, 1050]]}
[0m[38;5;4mBid Added:{'id': 3, 'label': 'Bayswater', 'bids': [[3933, 1000]]}
[0m[38;5;210mSending Callbacks
[0m[38;5;1mBid Added:{'id': 0, 'label': 'Nyngan', 'bids': [[100, 1050]]}
[0m[38;5;4mBid Added:{'id': 3, 'label': 'Bayswater', 'bids': [[3933, 1000]]}
[0m[38;5;210mSending Callbacks
[0m[38;5;1mBid Added:{'id': 0, 'label': 'Nyngan', 'bids': [[100, 1050]]}
[0m[38;5;4mBid Added:{'id': 3, 'label': 'Bayswater', 'bids': [[3933, 1000]]}
[0m[38;5;210mSending Callbacks
[0m[38;5;1mBid Added:{'id': 0, 'label': 'Nyngan', 'bids': [[100, 1050]]}
[0m